"../../../../BANKA/Content/Mannequin/Character/Mesh/SK_Mannequin_PhysicsAsset.uasset" 0
"../../../../BANKA/Content/Mannequin/Character/Textures/T_UE4Logo_N.uasset" 1
"../../../../BANKA/Content/Mannequin/Character/Textures/T_UE4Logo_Mask.uasset" 2
"../../../../BANKA/Content/Mannequin/Character/Textures/T_Male_N.uasset" 3
"../../../../BANKA/Content/Mannequin/Character/Textures/T_Male_Mask.uasset" 4
"../../../../BANKA/Content/Mannequin/Character/Materials/MaterialLayers/T_ML_Rubber_Blue_01_N.uasset" 5
"../../../../BANKA/Content/Mannequin/Character/Materials/MaterialLayers/T_ML_Rubber_Blue_01_D.uasset" 6
"../../../../BANKA/Content/Mannequin/Character/Materials/MaterialLayers/T_ML_Aluminum01_N.uasset" 7
"../../../../BANKA/Content/Mannequin/Character/Materials/MaterialLayers/T_ML_Aluminum01.uasset" 8
"../../../../BANKA/Content/Mannequin/Character/Materials/MaterialLayers/ML_SoftMetal_UE4.uasset" 9
"../../../../BANKA/Content/Mannequin/Character/Materials/MaterialLayers/ML_Plastic_Shiny_Beige_LOGO.uasset" 10
"../../../../BANKA/Content/Mannequin/Character/Materials/MaterialLayers/ML_Plastic_Shiny_Beige.uasset" 11
"../../../../BANKA/Content/Mannequin/Character/Materials/MaterialLayers/ML_GlossyBlack_Latex_UE4.uasset" 12
"../../../Engine/Content/Functions/MaterialLayerFunctions/MatLayerBlend_Simple.uasset" 13
"../../../Engine/Content/Functions/Engine_MaterialFunctions02/Utility/BlendAngleCorrectedNormals.uasset" 14
"../../../Engine/Content/Functions/MaterialLayerFunctions/MatLayerBlend_NormalBlend.uasset" 15
"../../../../BANKA/Content/Mannequin/Character/Materials/M_Male_Body.uasset" 16
"../../../../BANKA/Content/Mannequin/Character/Materials/M_UE4Man_ChestLogo.uasset" 17
"../../../../BANKA/Content/Mannequin/Character/Mesh/UE4_Mannequin_Skeleton.uasset" 18
"../../../../BANKA/Content/Mannequin/Character/Mesh/SK_Mannequin.uasset" 19
"../../../../BANKA/Content/Mannequin/Animations/ThirdPersonWalk.uasset" 20
"../../../../BANKA/Content/Mannequin/Animations/ThirdPersonRun.uasset" 21
"../../../../BANKA/Content/Mannequin/Animations/ThirdPersonIdle.uasset" 22
"../../../../BANKA/Content/Mannequin/Animations/ThirdPerson_IdleRun_2D.uasset" 23
"../../../../BANKA/Content/Mannequin/Animations/ThirdPerson_Jump.uasset" 24
"../../../../BANKA/Content/Mannequin/Animations/ThirdPersonJump_Start.uasset" 25
"../../../../BANKA/Content/Mannequin/Animations/ThirdPersonJump_Loop.uasset" 26
"../../../Engine/Content/EditorBlueprintResources/StandardMacros.uasset" 27
"../../../../BANKA/Content/Mannequin/Animations/ThirdPerson_AnimBP.uasset" 28
"../../../../BANKA/Content/ThirdPersonBP/Blueprints/SA_VOIP.uasset" 29
"../../../../BANKA/Content/ThirdPersonBP/Blueprints/UI/W_Lobby.uasset" 30
"../../../../BANKA/Content/ThirdPersonBP/Blueprints/BP_GameInstanc.uasset" 31
"../../../../BANKA/Content/ThirdPersonBP/Blueprints/UI/W_MainMenu.uasset" 32
"../../../../BANKA/Content/ThirdPersonBP/Blueprints/BP_NewGame.uasset" 33
"../../../../BANKA/Content/ThirdPersonBP/Blueprints/BP_PlayerController.uasset" 34
"../../../../BANKA/Content/ThirdPersonBP/Blueprints/UI/W_Settings.uasset" 35
"../../../../BANKA/Content/ThirdPersonBP/Blueprints/BP_ThirdPersonCharacter.uasset" 36
"../../../../BANKA/Content/ThirdPersonBP/Blueprints/BP_GameMode.uasset" 37
"../../../../BANKA/Content/ThirdPersonBP/Blueprints/ThirdPersonGameMode.uasset" 38
"../../../Engine/Content/Animation/DefaultAnimBoneCompressionSettings.uasset" 39
"../../../Engine/Content/Animation/DefaultAnimCurveCompressionSettings.uasset" 40
"../../../Engine/Content/EngineMaterials/T_Default_Material_Grid_N.uasset" 41
"../../../Engine/Content/EngineMaterials/T_Default_Material_Grid_M.uasset" 42
"../../../Engine/Content/Functions/Engine_MaterialFunctions01/Opacity/CameraDepthFade.uasset" 43
"../../../Engine/Content/EngineMaterials/WorldGridMaterial.uasset" 44
"../../../Engine/Content/ArtTools/RenderToTexture/Meshes/S_1_Unit_Plane.uasset" 45
"../../../Engine/Content/EngineMaterials/DefaultMaterial.uasset" 46
"../../../Engine/Content/BasicShapes/Cone.uasset" 47
"../../../Engine/Content/BasicShapes/Cube.uasset" 48
"../../../Engine/Content/EditorLandscapeResources/DataLayer.uasset" 49
"../../../Engine/Content/EditorLandscapeResources/DefaultAlphaTexture.uasset" 50
"../../../Engine/Content/EditorMaterials/MAT_Groups_Toggle.uasset" 51
"../../../Engine/Content/EditorMaterials/MAT_Groups_Visibility.uasset" 52
"../../../Engine/Content/EditorMaterials/PreviewShadowIndicator.uasset" 53
"../../../Engine/Content/EditorMaterials/PreviewShadowIndicatorMaterial.uasset" 54
"../../../Engine/Content/EditorMaterials/MatineeGroups/MAT_ColorTrack.uasset" 55
"../../../Engine/Content/EditorMaterials/MatineeGroups/MAT_Groups_Anim.uasset" 56
"../../../Engine/Content/EditorMaterials/MatineeGroups/MAT_Groups_AudioMaster.uasset" 57
"../../../Engine/Content/EditorMaterials/MatineeGroups/MAT_Groups_Director.uasset" 58
"../../../Engine/Content/EditorMaterials/MatineeGroups/MAT_Groups_Event.uasset" 59
"../../../Engine/Content/EditorMaterials/MatineeGroups/MAT_Groups_Fade.uasset" 60
"../../../Engine/Content/EditorMaterials/MatineeGroups/MAT_Groups_Float.uasset" 61
"../../../Engine/Content/EditorMaterials/MatineeGroups/MAT_Groups_Move.uasset" 62
"../../../Engine/Content/EditorMaterials/MatineeGroups/MAT_Groups_Slomo.uasset" 63
"../../../Engine/Content/EditorMaterials/MatineeGroups/MAT_Groups_Sound.uasset" 64
"../../../Engine/Content/EditorMaterials/MatineeGroups/MAT_Groups_Vector.uasset" 65
"../../../Engine/Content/EditorMaterials/ParticleSystems/PSysThumbnail_NoImage.uasset" 66
"../../../Engine/Content/EditorMaterials/ParticleSystems/PSysThumbnail_OOD.uasset" 67
"../../../Engine/Content/EditorMaterials/Camera/CineMat.uasset" 68
"../../../Engine/Content/EditorMaterials/Camera/MI_CineMat_Rig.uasset" 69
"../../../Engine/Content/EditorMeshes/Camera/SM_CraneRig_Arm.uasset" 70
"../../../Engine/Content/EditorMeshes/Camera/SM_CraneRig_Base.uasset" 71
"../../../Engine/Content/EditorMeshes/Camera/SM_CraneRig_Body.uasset" 72
"../../../Engine/Content/EditorMeshes/Camera/SM_CraneRig_Mount.uasset" 73
"../../../Engine/Content/EditorMeshes/Camera/SM_RailRig_Mount.uasset" 74
"../../../Engine/Content/EditorMeshes/Camera/SM_RailRig_Track.uasset" 75
"../../../Engine/Content/EditorResources/BSPVertex.uasset" 76
"../../../Engine/Content/EditorResources/EmptyActor.uasset" 77
"../../../Engine/Content/EditorResources/S_Actor.uasset" 78
"../../../Engine/Content/EditorResources/S_Note.uasset" 79
"../../../Engine/Content/EditorResources/S_Solver.uasset" 80
"../../../Engine/Content/EditorResources/S_Terrain.uasset" 81
"../../../Engine/Content/EditorResources/S_Trigger.uasset" 82
"../../../Engine/Content/EditorResources/LightIcons/S_LightError.uasset" 83
"../../../Engine/Content/EditorResources/SequenceRecorder/Countdown.uasset" 84
"../../../Engine/Content/EditorResources/SequenceRecorder/RecordingIndicator.uasset" 85
"../../../Engine/Content/EngineDamageTypes/DmgTypeBP_Environmental.uasset" 86
"../../../Engine/Content/EngineDebugMaterials/DebugEditorMaterial.uasset" 87
"../../../Engine/Content/EngineDebugMaterials/DebugMeshMaterial.uasset" 88
"../../../Engine/Content/EngineDebugMaterials/M_SimpleUnlitTranslucent.uasset" 89
"../../../Engine/Content/EngineDebugMaterials/VolumeToRender.uasset" 90
"../../../Engine/Content/Functions/Engine_MaterialFunctions02/Utility/CameraDirectionVector.uasset" 91
"../../../Engine/Content/EngineDebugMaterials/M_VolumeRenderSphereTracePP.uasset" 92
"../../../Engine/Content/Functions/Engine_MaterialFunctions01/Shading/ConvertFromDiffSpec.uasset" 93
"../../../Engine/Content/EngineDebugMaterials/VertexColorMaterial.uasset" 94
"../../../Engine/Content/EngineDebugMaterials/WireframeMaterial.uasset" 95
"../../../Engine/Content/EngineFonts/Faces/RobotoRegular.uasset" 96
"../../../Engine/Content/EngineFonts/Faces/RobotoLight.uasset" 97
"../../../Engine/Content/EngineFonts/Faces/RobotoItalic.uasset" 98
"../../../Engine/Content/EngineFonts/Faces/RobotoBoldItalic.uasset" 99
"../../../Engine/Content/EngineFonts/Faces/RobotoBold.uasset" 100
"../../../Engine/Content/EngineFonts/Faces/DroidSansFallback.uasset" 101
"../../../Engine/Content/EngineFonts/Roboto.uasset" 102
"../../../Engine/Content/EngineMaterials/BaseFlattenNormalMap.uasset" 103
"../../../Engine/Content/EngineMaterials/BaseFlattenGrayscaleMap.uasset" 104
"../../../Engine/Content/EngineMaterials/BaseFlattenEmissiveMap.uasset" 105
"../../../Engine/Content/EngineMaterials/BaseFlattenDiffuseMap.uasset" 106
"../../../Engine/Content/EngineMaterials/BaseFlattenMaterial.uasset" 107
"../../../Engine/Content/EngineMaterials/BlueNoise.uasset" 108
"../../../Engine/Content/EngineMaterials/DefaultBloomKernel.uasset" 109
"../../../Engine/Content/EngineMaterials/DefaultBokeh.uasset" 110
"../../../Engine/Content/EngineMaterials/DefaultDiffuse.uasset" 111
"../../../Engine/Content/EngineMaterials/DefaultDeferredDecalMaterial.uasset" 112
"../../../Engine/Content/EngineMaterials/DefaultLightFunctionMaterial.uasset" 113
"../../../Engine/Content/EngineMaterials/DefaultPhysicalMaterial.uasset" 114
"../../../Engine/Content/Functions/Engine_MaterialFunctions02/Utility/BreakOutFloat2Components.uasset" 115
"../../../Engine/Content/EngineMaterials/DefaultPostProcessMaterial.uasset" 116
"../../../Engine/Content/EngineFonts/RobotoDistanceField.uasset" 117
"../../../Engine/Content/EngineMaterials/DefaultTextMaterialOpaque.uasset" 118
"../../../Engine/Content/EngineMaterials/DefaultWhiteGrid.uasset" 119
"../../../Engine/Content/EngineMaterials/DefaultWhiteGrid_Low.uasset" 120
"../../../Engine/Content/EngineMaterials/EmissiveMeshMaterial.uasset" 121
"../../../Engine/Content/EngineMaterials/GizmoMaterial.uasset" 122
"../../../Engine/Content/EngineMaterials/Good64x64TilingNoiseHighFreq.uasset" 123
"../../../Engine/Content/EngineMaterials/MiniFont.uasset" 124
"../../../Engine/Content/EngineMaterials/InvalidLightmapSettings.uasset" 125
"../../../Engine/Content/EngineMaterials/M_InvalidLightmapSettings.uasset" 126
"../../../Engine/Content/Functions/Engine_MaterialFunctions02/WorldPositionOffset/CameraOffset.uasset" 127
"../../../Engine/Content/EngineMaterials/PhAT_JointLimitMaterial.uasset" 128
"../../../Engine/Content/EngineMaterials/PreintegratedSkinBRDF.uasset" 129
"../../../Engine/Content/EngineMaterials/RemoveSurfaceMaterial.uasset" 130
"../../../Engine/Content/EngineMaterials/WeightMapPlaceholderTexture.uasset" 131
"../../../Engine/Content/EngineResources/WhiteSquareTexture.uasset" 132
"../../../Engine/Content/EngineMaterials/Widget3DPassThrough.uasset" 133
"../../../Engine/Content/EngineMaterials/Widget3DPassThrough_Masked.uasset" 134
"../../../Engine/Content/EngineMaterials/Widget3DPassThrough_Opaque.uasset" 135
"../../../Engine/Content/EngineMaterials/Widget3DPassThrough_Masked_OneSided.uasset" 136
"../../../Engine/Content/EngineMaterials/Widget3DPassThrough_Opaque_OneSided.uasset" 137
"../../../Engine/Content/EngineMaterials/Widget3DPassThrough_Translucent.uasset" 138
"../../../Engine/Content/EngineMaterials/Widget3DPassThrough_Translucent_OneSided.uasset" 139
"../../../Engine/Content/EngineMeshes/Cylinder.uasset" 140
"../../../Engine/Content/EngineMeshes/Sphere.uasset" 141
"../../../Engine/Content/EngineResources/Black.uasset" 142
"../../../Engine/Content/EngineResources/DefaultTextureCube.uasset" 143
"../../../Engine/Content/EngineResources/DefaultVolumeTexture2D.uasset" 144
"../../../Engine/Content/EngineResources/DefaultVolumeTexture.uasset" 145
"../../../Engine/Content/EngineResources/GradientTexture0.uasset" 146
"../../../Engine/Content/EngineSky/VolumetricClouds/T_NoiseShape64.uasset" 147
"../../../Engine/Content/EngineSky/VolumetricClouds/T_VolumeNoiseShape64.uasset" 148
"../../../Engine/Content/EngineSky/VolumetricClouds/T_NoiseErosion.uasset" 149
"../../../Engine/Content/EngineSky/VolumetricClouds/T_VolumeNoiseErosion32.uasset" 150
"../../../Engine/Content/EngineSky/VolumetricClouds/CloudWeatherTexture.uasset" 151
"../../../Engine/Content/EngineSky/VolumetricClouds/CloudGradientTexture.uasset" 152
"../../../Engine/Content/Functions/Engine_MaterialFunctions02/Utility/MakeFloat2.uasset" 153
"../../../Engine/Content/EngineSky/VolumetricClouds/m_SimpleVolumetricCloud.uasset" 154
"../../../Engine/Content/EngineSky/VolumetricClouds/m_SimpleVolumetricCloud_Inst.uasset" 155
"../../../Engine/Content/EngineSounds/Master.uasset" 156
"../../../Engine/Content/Functions/Engine_MaterialFunctions01/Shading/PowerToRoughness.uasset" 157
"../../../Engine/Content/Maps/Templates/Thumbnails/Default.uasset" 158
"../../../Engine/Content/Maps/Templates/Thumbnails/TimeOfDay.uasset" 159
"../../../Engine/Content/Maps/Templates/Thumbnails/VR-Basic.uasset" 160
"../../../Engine/Content/MobileResources/T_MobileControls_texture.uasset" 161
"../../../Engine/Content/MobileResources/T_MobileMenu2.uasset" 162
"../../../Engine/Content/MobileResources/HUD/AnalogHat.uasset" 163
"../../../Engine/Content/MobileResources/HUD/VirtualJoystick_Thumb.uasset" 164
"../../../Engine/Content/MobileResources/HUD/VirtualJoystick_Background.uasset" 165
"../../../Engine/Content/MobileResources/HUD/DefaultVirtualJoysticks.uasset" 166
"../../../Engine/Content/MobileResources/HUD/LeftVirtualJoystickOnly.uasset" 167
"../../../Engine/Content/MobileResources/HUD/MobileHUDButton1_off.uasset" 168
"../../../Engine/Content/MobileResources/HUD/MobileHUDButton1_on.uasset" 169
"../../../Engine/Content/MobileResources/HUD/MobileHUDButton2_off.uasset" 170
"../../../Engine/Content/MobileResources/HUD/MobileHUDButton2_on.uasset" 171
"../../../Engine/Content/MobileResources/HUD/MobileHUDButton3.uasset" 172
"../../../Engine/Content/MobileResources/HUD/MobileHUDButtonFire.uasset" 173
"../../../Engine/Content/MobileResources/HUD/MobileHUDDirectionPad.uasset" 174
"../../../Engine/Content/MobileResources/HUD/MobileHUDDirectionPad2.uasset" 175
"../../../Engine/Content/MobileResources/HUD/MobileHUDDirectionPad3.uasset" 176
"../../../Engine/Content/MobileResources/HUD/MobileHUDDirectionStick.uasset" 177
"../../../Engine/Content/MobileResources/HUD/T_Castle_ThumbstickInner.uasset" 178
"../../../Engine/Content/MobileResources/HUD/T_Castle_ThumbstickOutter.uasset" 179
"../../../Engine/Content/Tutorial/ContentIntroCurve.uasset" 180
"../../../Engine/Content/Tutorial/Basics/LevelEditorAttract.uasset" 181
"../../../Engine/Content/Tutorial/Basics/TutorialAssets/icon_tab_Levels_40x.uasset" 182
"../../../Engine/Content/Tutorial/Basics/LevelEditorOverview.uasset" 183
"../../../Engine/Content/Tutorial/BlueprintTutorials/TutorialAssets/Blueprint_64x.uasset" 184
"../../../Engine/Content/Tutorial/BlueprintTutorials/BlueprintEditorTutorial.uasset" 185
"../../../Engine/Content/VREditor/TransformGizmo/TranslucentTransformGizmoMaterial.uasset" 186
"../../../Engine/Content/VREditor/LaserPointer/VR_LaserPower_01.uasset" 187
"../../../Engine/Content/VREditor/TransformGizmo/TransformGizmoMaterial.uasset" 188
"../../../Engine/Content/VREditor/TransformGizmo/BoundingBoxCorner.uasset" 189
"../../../Engine/Content/VREditor/TransformGizmo/BoundingBoxEdge.uasset" 190
"../../../Engine/Content/VREditor/TransformGizmo/PlaneTranslationHandle.uasset" 191
"../../../Engine/Content/VREditor/TransformGizmo/Xray.uasset" 192
"../../../Engine/Content/VREditor/TransformGizmo/Main.uasset" 193
"../../../Engine/Content/VREditor/TransformGizmo/SM_Sequencer_Key.uasset" 194
"../../../Engine/Content/VREditor/TransformGizmo/SM_Sequencer_Node.uasset" 195
"../../Plugins/2D/Paper2D/Content/PlaceholderTextures/DummySpriteTexture.uasset" 196
"../../Plugins/2D/Paper2D/Content/DummySprite.uasset" 197
"../../Plugins/2D/Paper2D/Content/DefaultPaperTerrainMaterial.uasset" 198
"../../Plugins/2D/Paper2D/Content/DefaultSpriteMaterial.uasset" 199
"../../Plugins/2D/Paper2D/Content/MaskedUnlitSpriteMaterial.uasset" 200
"../../Plugins/2D/Paper2D/Content/OpaqueUnlitSpriteMaterial.uasset" 201
"../../../Engine/Content/Functions/Engine_MaterialFunctions02/Utility/BreakOutFloat3Components.uasset" 202
"../../Plugins/Editor/SpeedTreeImporter/Content/SpeedTree9/UnpackInteger3.uasset" 203
"../../Plugins/Editor/SpeedTreeImporter/Content/SpeedTree9/UnpackDirection.uasset" 204
"../../Plugins/Editor/SpeedTreeImporter/Content/SpeedTree9/game_wind_noise.uasset" 205
"../../../Engine/Content/Functions/Engine_MaterialFunctions02/SafeNormalize.uasset" 206
"../../Plugins/Editor/SpeedTreeImporter/Content/SpeedTree9/SpeedTreeWindMotion.uasset" 207
"../../Plugins/Editor/SpeedTreeImporter/Content/SpeedTree9/SpeedTreeBranchMotion.uasset" 208
"../../Plugins/Editor/SpeedTreeImporter/Content/SpeedTree9/SpeedTreeBillboard.uasset" 209
"../../../Engine/Content/Functions/Engine_MaterialFunctions02/ObjectLocalBounds.uasset" 210
"../../../Engine/Content/Functions/Engine_MaterialFunctions02/UVs/BoundingBoxBased_0-1_UVW.uasset" 211
"../../Plugins/Editor/SpeedTreeImporter/Content/SpeedTree9/SpeedTreeWind.uasset" 212
"../../../Engine/Content/EngineResources/DefaultTexture.uasset" 213
"../../Plugins/Editor/SpeedTreeImporter/Content/SpeedTree9/SpeedTreeBillboardMaster.uasset" 214
"../../Plugins/Editor/SpeedTreeImporter/Content/SpeedTree9/SpeedTreeCameraFacing.uasset" 215
"../../Plugins/Editor/SpeedTreeImporter/Content/SpeedTree9/SpeedTreeMaster.uasset" 216
"../../../Engine/Content/BasicShapes/Cylinder.uasset" 217
"../../../Engine/Content/ArtTools/RenderToTexture/Materials/Debug/M_Emissive_Color.uasset" 218
"../../Plugins/Lumin/MagicLeapPassableWorld/Content/MagicLeapARPinInfoActor.uasset" 219
"../../../Engine/Content/Functions/Engine_MaterialFunctions02/Utility/MakeFloat3.uasset" 220
"../../../Engine/Content/Functions/Engine_MaterialFunctions02/Utility/BreakOutFloat4Components.uasset" 221
"../../Plugins/Runtime/Oculus/OculusVR/Content/Materials/OculusMR_ChromaKey.uasset" 222
"../../Plugins/Runtime/Oculus/OculusVR/Content/Materials/OculusMR_OpaqueColoredMaterial.uasset" 223
"../../Plugins/Runtime/Oculus/OculusVR/Content/Materials/PokeAHoleMaterial.uasset" 224
"../../../../BANKA/Content/GoodSky/Source/Textures/T_GoodSky_Stars.uasset" 225
"../../../../BANKA/Content/GoodSky/Source/Textures/T_GoodSky_noise_smooth.uasset" 226
"../../../../BANKA/Content/GoodSky/Source/Textures/T_GoodSky_clouds_sphere.uasset" 227
"../../../../BANKA/Content/GoodSky/Source/Textures/T_GoodSky_clouds_B.uasset" 228
"../../../../BANKA/Content/GoodSky/Source/Textures/T_GoodSky_clouds_F.uasset" 229
"../../../../BANKA/Content/GoodSky/Source/Textures/T_GoodSky_clouds_D.uasset" 230
"../../../../BANKA/Content/GoodSky/Source/Textures/T_GoodSky_clouds_A.uasset" 231
"../../../Engine/Content/Functions/Engine_MaterialFunctions01/Gradient/LinearGradient.uasset" 232
"../../../../BANKA/Content/GoodSky/Source/Materials/Material_Function/MF_GoodSky_Top_part_alpha.uasset" 233
"../../../../BANKA/Content/GoodSky/Source/Materials/Material_Function/MF_GoodSky_Time.uasset" 234
"../../../../BANKA/Content/GoodSky/Source/Materials/Material_Function/MF_GoodSky_SkyDomeAlpha.uasset" 235
"../../../../BANKA/Content/GoodSky/Source/Materials/Material_Function/MF_GoodSky_Global_Setting.uasset" 236
"../../../../BANKA/Content/GoodSky/Source/Materials/Material_Function/MF_GoodSky_Clouds_Setting.uasset" 237
"../../../../BANKA/Content/GoodSky/Source/Materials/M_GoodSky_Sun_Stars.uasset" 238
"../../../../BANKA/Content/GoodSky/Source/Textures/T_GoodSky_clouds_E.uasset" 239
"../../../../BANKA/Content/GoodSky/Source/Textures/T_GoodSky_clouds_C.uasset" 240
"../../../../BANKA/Content/GoodSky/Source/Materials/M_GoodSky_Base.uasset" 241
"../../../../BANKA/Content/GoodSky/Source/Mesh/SM_GoodSky_Sphere.uasset" 242
"../../../../BANKA/Content/GoodSky/Source/Mesh/SM_GoodSky_Hemisphere.uasset" 243
"../../../../BANKA/Content/GoodSky/Source/Data/Structure/Structure_GoodSky.uasset" 244
"../../../../BANKA/Content/GoodSky/Source/Data/Enum/Enum_GoodSky_Style_Clouds.uasset" 245
"../../../../BANKA/Content/GoodSky/Source/Data/Enum/Enum_GoodSky_MeshType.uasset" 246
"../../../../BANKA/Content/GoodSky/Source/Data/Enum/Enum_GoodSky_Effects.uasset" 247
"../../../../BANKA/Content/GoodSky/Source/Data/Enum/Enum_GoodSky_Clouds_Coverage.uasset" 248
"../../../../BANKA/Content/GoodSky/Source/ArrowTool/M_GoodSky_Sun_Emissive.uasset" 249
"../../../../BANKA/Content/GoodSky/Source/ArrowTool/SM_GoodSky_StarMesh.uasset" 250
"../../../Engine/Content/BasicShapes/Sphere.uasset" 251
"../../../Engine/Content/BasicShapes/Plane.uasset" 252
"../../../../BANKA/Content/GoodSky/Source/Textures/T_GoodSky_Moon.uasset" 253
"../../../Engine/Content/Functions/Engine_MaterialFunctions01/Texturing/ScaleUVsAroundPoint.uasset" 254
"../../../Engine/Content/Functions/Engine_MaterialFunctions01/Density/ExponentialDensity.uasset" 255
"../../../Engine/Content/Functions/Engine_MaterialFunctions01/Gradient/RadialGradientExponential.uasset" 256
"../../../../BANKA/Content/GoodSky/Source/Materials/Material_Function/MF_GoodSky_Moon_Setting.uasset" 257
"../../../../BANKA/Content/GoodSky/Source/Materials/M_GoodSky_Sun_Stars_Moon.uasset" 258
"../../../Engine/Content/Functions/Engine_MaterialFunctions02/ExampleContent/Textures/DebugNumberPeriod.uasset" 259
"../../../Engine/Content/Functions/Engine_MaterialFunctions02/ExampleContent/DebugNumberStrip.uasset" 260
"../../../../BANKA/Content/GoodSky/Source/Materials/Material_Function/MF_GoodSky_LightningFlick.uasset" 261
"../../../Engine/Content/Functions/Engine_MaterialFunctions01/Texturing/TextureCropping.uasset" 262
"../../../Engine/Content/Functions/Engine_MaterialFunctions01/Texturing/ComputeMipLevel.uasset" 263
"../../../Engine/Content/Functions/Engine_MaterialFunctions02/Utility/DebugScalarValues.uasset" 264
"../../../Engine/Content/Functions/Engine_MaterialFunctions02/Utility/DebugFloat3Values.uasset" 265
"../../../Engine/Content/Functions/Engine_MaterialFunctions02/Math/RGBtoHSV.uasset" 266
"../../../../BANKA/Content/GoodSky/Source/Textures/T_GoodSky_Lightning.uasset" 267
"../../../Engine/Content/Functions/Engine_MaterialFunctions01/ImageAdjustment/DeriveHDRfromLDR.uasset" 268
"../../../../BANKA/Content/GoodSky/Source/Materials/M_GoodSky_Storm.uasset" 269
"../../../../BANKA/Content/GoodSky/Source/Materials/M_GoodSky_Moon.uasset" 270
"../../../../BANKA/Content/GoodSky/Source/ArrowTool/T_GoodSky_SkyRing.uasset" 271
"../../../../BANKA/Content/GoodSky/Source/ArrowTool/M_GoodSky_SkyRing_.uasset" 272
"../../../../BANKA/Content/GoodSky/Source/Data/DataTable/DataTable_GoodSky.uasset" 273
"../../../../BANKA/Content/GoodSky/Source/Data/Curve/Curve_GoodSky_SunDirection_Vector1.uasset" 274
"../../../../BANKA/Content/GoodSky/Source/Data/Curve/Curve_GoodSky_SunDirection_Vector.uasset" 275
"../../../../BANKA/Content/GoodSky/Source/Data/Curve/Curve_GoodSky_horizon_Color.uasset" 276
"../../../../BANKA/Content/GoodSky/Source/Data/Curve/Curve_GoodSky_DomeColor.uasset" 277
"../../../../BANKA/Content/GoodSky/Source/Data/Enum/Enum_GoodSky_Preset.uasset" 278
"../../../../BANKA/Content/GoodSky/Source/Data/Curve/Curve_GoodSky_BaseCloudColor.uasset" 279
"../../../../BANKA/Content/GoodSky/Source/Data/Curve/Curve_GoodSky_AllOverlayColor.uasset" 280
"../../../../BANKA/Content/GoodSky/Source/Data/Curve/Curve_GoodSky_SunLight.uasset" 281
"../../../../BANKA/Content/GoodSky/Source/Data/Curve/Curve_GoodSky_Stars.uasset" 282
"../../../../BANKA/Content/GoodSky/Blueprint/BP_GoodSky.uasset" 283
"../../../../BANKA/Content/ThirdPersonBP/Maps/Banka.umap" 284
"../../../Engine/Content/Maps/Entry_BuiltData.uasset" 285
"../../../Engine/Content/Maps/Entry.umap" 286
